Array
(
    [headers] => Received: by mx0021p1mdw1.sendgrid.net with SMTP id Tdr5sfvKw7 Wed, 25 Mar 2020 15:47:46 +0000 (UTC)
Received: from mail-vs1-f50.google.com (mail-vs1-f50.google.com [209.85.217.50]) by mx0021p1mdw1.sendgrid.net (Postfix) with ESMTPS id 54D8654A65E for <frank@frankspress.com>; Wed, 25 Mar 2020 15:47:46 +0000 (UTC)
Received: by mail-vs1-f50.google.com with SMTP id x82so1760719vsc.12 for <frank@frankspress.com>; Wed, 25 Mar 2020 08:47:46 -0700 (PDT)
DKIM-Signature: v=1; a=rsa-sha256; c=relaxed/relaxed; d=gmail.com; s=20161025; h=mime-version:in-reply-to:references:from:date:message-id:subject:to; bh=xnZVFW5urmqbQ11yUjwR7qvn7woh5t3Mz+UH/puweis=; b=uYo5S8GVCARjx2UZ8mNkiX/W5iHEolfFhgTl1A8xGVbYnnz1mYSCvPKW+6js3Ju00X PCo7+lSuF/EDibWouqSoy0eRU2qRXLMp2TpQfj8q5TVBMz7I8r+yexbQBaN+eqBic2Jp iJr1lHpAOACrjsf6txoJEc2SEnj8nQp6HOEENAG5hxpUw99oCmK3o933pKu8+qTKF3eq G7CcQ57WJ98OtwCG3Wf9h/+vFXzrkRdMIpwqje9KL4hqXpnQdty3RwPtxBfLCTuHyH67 OoxjEtKZoSyIhz3EA9TOwuc1kg0ZBaXi3rQDQDfcb0GsQIXFFNRB78IlP5D72RXFWhot AT3g==
X-Google-DKIM-Signature: v=1; a=rsa-sha256; c=relaxed/relaxed; d=1e100.net; s=20161025; h=x-gm-message-state:mime-version:in-reply-to:references:from:date :message-id:subject:to; bh=xnZVFW5urmqbQ11yUjwR7qvn7woh5t3Mz+UH/puweis=; b=d0yEFBoFEROixhCTMZ4xKrTcx+WNkiUqNprU9kmO7uBF2trNR2yzolnn7CveYMlG77 /C55CCCEJIc+UhFe7GLOBU5GmIwQtxyl9EWGXWkR8MlALojhdofgz5Ss7q/UuCueIASU XVMGzillt7LdlQ3AP3ed7EFkx5E3Gihdva+dJklJ+UAil/F/Ietu5gyeHO8lwmMhmVEp GSq7fitOFP6EAm7WI+Vk5RRQuIZxjzZ5U23/vqwR4JUta5CjfRsVSk9a5h2l2ZJvxW8I 7rBvE7HXPdLNa/cGr2jA45TJePwtLxQbtBQAdufrCr5L8pYf1EAxKNeD+b+/26klZYnC 7hVw==
X-Gm-Message-State: ANhLgQ0a6tgJQpHToG9ojSQGpAuMtutpNyxcEIGsQicPKybqs/sr06KG 35oCht2pwiADpvrB/AUTqhMnC3uoSyICUjK8cRmKisOE
X-Google-Smtp-Source: ADFU+vuhLJUbHh0s0r3jKIhZT5oEPM3zyLd92upbvb6JwoKF+h2oRT3gdQsPuNf66e9atYkMTkm0uZdpFOsPmWHetY8=
X-Received: by 2002:a67:907:: with SMTP id 7mr3036549vsj.42.1585151264458; Wed, 25 Mar 2020 08:47:44 -0700 (PDT)
MIME-Version: 1.0
Received: by 2002:a9f:3f44:0:0:0:0:0 with HTTP; Wed, 25 Mar 2020 08:47:43 -0700 (PDT)
In-Reply-To: <CAMOUpY5Z5cLZ41b2F_u1aSFNJAiObU-0dTSup3acBzzn4_==Ow@mail.gmail.com>
References: <edaed7b7ff94c72492d2657a2233b752@frankspress.com> <CAMOUpY5x_mPaqz1f=a_E+Y3fn+JA42dVXEq-fTSvMObq5wik3g@mail.gmail.com> <CAMOUpY5e5H2CGun0CAdPjifDYV-W-xXdfAjkxGN5OkgC9UHumw@mail.gmail.com> <CAMOUpY6sghuM0+gNQER3nQ_PRRQYHmoMk4j3cZFb=7nea8dohw@mail.gmail.com> <CAMOUpY75A7e=Z0coD8J0+JJMCv-97vxKkwfT5x6-p1AaPnZQBw@mail.gmail.com> <CAMOUpY4e+yJTBATMwL4kAu7fF7X1MQnvEEZ17HXoGeSb0mS7pA@mail.gmail.com> <CAMOUpY4QT=HrkkKmnxE9mq6v5Qic4rbBNgW3-WfgpqE-XwpwHQ@mail.gmail.com> <CAMOUpY60+yLe_dcD8dTxecMtgDZQN_gyWwUVLbQVh9ficaOLxg@mail.gmail.com> <CAMOUpY690Ja-mhnEpuuhPNtZ4HhgZzwUcJ88PiDAxBxSncwo_g@mail.gmail.com> <CAMOUpY4EAfSMhEgqPi+vkNv4nj_-AL3iQ9M3DcFXCm2aPb2GMw@mail.gmail.com> <CAMOUpY7s_gvRKWaR6TN8SSYGbutxJveLfuosogAY4k0PMToMqQ@mail.gmail.com> <CAMOUpY452jwTBiSkk0SRWGVz04bni18MFD+Rm_bJ=3tb-3ntFg@mail.gmail.com> <CAMOUpY7R2pNueA71_LAtOHT-Yi+PAK-zeBeaTxhcBRRR6kzxMA@mail.gmail.com> <CAMOUpY6KVDSVFW9SPUC0MG2_N7iJQiLkyzbCW=Y8O_4J4Toadw@mail.gmail.com> <CAMOUpY5Mri=RRPO+jhHqmS1izRa3tdKggxxzmhhLdexUSfAYNQ@mail.gmail.com> <CAMOUpY6j3q-O6Cn=PDc6tkdRKV2gu2T=A8-XHHqSYxAkUqV5ow@mail.gmail.com> <CAMOUpY6ib=gJ0er_vKME7LU9PAo44uObYMXYb67B+oOMnZA_BQ@mail.gmail.com> <CAMOUpY60Z2RqVBaqKGbSLveCzRxq3C_AyDvfuMYDNNakaUVQvw@mail.gmail.com> <CAMOUpY4yPBhxXWhP4pQs7afQ3bbyRCoy9xd5by-WT+voyyTaKA@mail.gmail.com> <CAMOUpY7L_9HpNH44_Y6k2k=bnoOhvm1ENJ501Fe-288szOexHg@mail.gmail.com> <CAMOUpY6eORwio-B-Etf7odvgm4yPo+i8h3fDNy06Y0Ay6-n-YQ@mail.gmail.com> <CAMOUpY6FuhLL7=Ci79UWXwKpB-h8w3pmVTVYoQ1G6KK+=FEz1w@mail.gmail.com> <CAMOUpY7zPWq=TJ9yM8YZan3uTeqxQv_22nzUjzjaPG9=vCXdWQ@mail.gmail.com> <CAMOUpY7O+=-rgV4Y+Lo_gVjcBWjDdzZN_0_ygdzQ2oDpuQ0Q8Q@mail.gmail.com> <CAMOUpY4X7atxEEEgdPSxENXVcNf1mZB4+8dzZxc6LvEbN-_XpQ@mail.gmail.com> <CAMOUpY6OMLjvJYMK=9d-59Mf3iqXGR2vdeHqEBczQaxAoVSA_Q@mail.gmail.com> <CAMOUpY73Rq4LXQe2jF4Q=fFo4ef0LHSyoegBwHoDbPOhU1wb7A@mail.gmail.com> <CAMOUpY7MTp-sp=-JCV4y-jN1sJhebpvH0eTxTCQ13dxSuZyPaw@mail.gmail.com> <CAMOUpY7gQ-8QFy=pBj+ftsh5AvjRy5=xX8r2KtZA==Cx1BvPoA@mail.gmail.com> <CAMOUpY61kgd2rLHvrni-ax2SXj3yxJTyoD=FSS_TugkxvGJ1Gg@mail.gmail.com> <CAMOUpY6EBFtZR99pT2YeVdaBpf97g9tjvQW0yOzvgpCGSRCHog@mail.gmail.com> <CAMOUpY6HZ9jc2K06RGTET4qHRUsaK6uW0FjAphZO1mT00bK7UQ@mail.gmail.com> <CAMOUpY6kuG1gjDotM__5b0sjN3ga1j_Rcn=Jn1_8X6DkMuL+aA@mail.gmail.com> <CAMOUpY5tT4UR5HLPp7e0Dni2XwA2by9h4OQX+Z4QBkza3arZng@mail.gmail.com> <CAMOUpY4aCQyV=eP9ekYK5mbwEUqjXz21J8xvD-KtwFTXeOeVTw@mail.gmail.com> <CAMOUpY52+XzBVOPG+H+4XGfiHtyQdowAqpU+LsQLX4qF2Yx0tQ@mail.gmail.com> <CAMOUpY4naYiqscoGiuSAs30GM==3=zzEs6G0Sp=vj0Kz_Qwhsw@mail.gmail.com> <CAMOUpY6J_fXEwmYMsibfLDnXJ+FS0+L6=Y6KxoLFSYXfu27gPQ@mail.gmail.com> <CAMOUpY64JTFQQYEshLBDK-8bpX92bBzkCvKDEA0FngKQbJS+yA@mail.gmail.com> <CAMOUpY7hRfPVdPGQwb3XOGvMLVqFhRzkQ67S+DasjirxbTSL=Q@mail.gmail.com> <CAMOUpY6RfQ_jFEvHmHi9pb1WDy=yxVPSaW5+ao+cACtCeb-JMA@mail.gmail.com> <CAMOUpY4YzsP2wNnyNvJ3Btjhbv6m=P=RVjhWhe6tGzeJSB_X3w@mail.gmail.com> <CAMOUpY5x4k7B=6H0x0sXYUm79aOdCBwkRcY2uFFbSeFd9XO4FA@mail.gmail.com> <CAMOUpY7BgQM=JWGb90W=iwDNas5Y=BHMx+ud9O1cs7JmJ4TW6w@mail.gmail.com> <CAMOUpY4kfQxPQxK9_J_AQyfRvfWwK0DF4-DgPEqJByqgH5eA4A@mail.gmail.com> <CAMOUpY7dqxyG8niPrzmc1v94_FzexG=MjrcN=k9qAfvEWvuXMw@mail.gmail.com> <CAMOUpY5i=a4XotacLg8vX1TUczo=U1NQnUf8O+1u9Rw_q1kypQ@mail.gmail.com> <CAMOUpY4VDYuNX2uRTMfMAFpiwCGoUhUPvaZnb0N+UdxBPxFBTQ@mail.gmail.com> <CAMOUpY5pKrXbNdL10XQMo+kSDWZUqD--SMLdFPNrOPKzoCwSug@mail.gmail.com> <CAMOUpY7qhiMeqW5zkqZ43-NH3NE4c=SXhMpPPCvQ0TWykoJVFg@mail.gmail.com> <CAMOUpY5Z5cLZ41b2F_u1aSFNJAiObU-0dTSup3acBzzn4_==Ow@mail.gmail.com>
From: frank j <frankieeeit@gmail.com>
Date: Wed, 25 Mar 2020 11:47:43 -0400
Message-ID: <CAMOUpY61F4cgRxu81A-NzVq5Beg_WpYA18+06ixi5E0WdhwZcQ@mail.gmail.com>
Subject: Re: NEW MESSAGE RECEIVED
To: FranksPress <frank@frankspress.com>
Content-Type: multipart/mixed; boundary="00000000000008db7005a1afca94"

    [attachments] => 1
    [dkim] => {@gmail.com : pass}
    [subject] => Re: NEW MESSAGE RECEIVED
    [to] => FranksPress <frank@frankspress.com>
    [attachment-info] => {"attachment1":{"filename":"woocommerce-logo.png","name":"woocommerce-logo.png","type":"image/png"}}
    [from] => frank j <frankieeeit@gmail.com>
    [text] => On 3/25/20, frank j <frankieeeit@gmail.com> wrote:
> On 3/25/20, frank j <frankieeeit@gmail.com> wrote:
>> On 3/25/20, frank j <frankieeeit@gmail.com> wrote:
>>> On 3/25/20, frank j <frankieeeit@gmail.com> wrote:
>>>> On 3/25/20, frank j <frankieeeit@gmail.com> wrote:
>>>>> sghhh
>>>>>
>>>>> On 3/25/20, frank j <frankieeeit@gmail.com> wrote:
>>>>>> On 3/25/20, frank j <frankieeeit@gmail.com> wrote:
>>>>>>> On 3/25/20, frank j <frankieeeit@gmail.com> wrote:
>>>>>>>> On 3/25/20, frank j <frankieeeit@gmail.com> wrote:
>>>>>>>>> On 3/25/20, frank j <frankieeeit@gmail.com> wrote:
>>>>>>>>>> On 3/25/20, frank j <frankieeeit@gmail.com> wrote:
>>>>>>>>>>> On 3/25/20, frank j <frankieeeit@gmail.com> wrote:
>>>>>>>>>>>> dfdf
>>>>>>>>>>>>
>>>>>>>>>>>> On 3/25/20, frank j <frankieeeit@gmail.com> wrote:
>>>>>>>>>>>>> On 3/25/20, frank j <frankieeeit@gmail.com> wrote:
>>>>>>>>>>>>>> On 3/25/20, frank j <frankieeeit@gmail.com> wrote:
>>>>>>>>>>>>>>> On 3/25/20, frank j <frankieeeit@gmail.com> wrote:
>>>>>>>>>>>>>>>> On 3/25/20, frank j <frankieeeit@gmail.com> wrote:
>>>>>>>>>>>>>>>>> On 3/25/20, frank j <frankieeeit@gmail.com> wrote:
>>>>>>>>>>>>>>>>>> On 3/25/20, frank j <frankieeeit@gmail.com> wrote:
>>>>>>>>>>>>>>>>>>> On 3/25/20, frank j <frankieeeit@gmail.com> wrote:
>>>>>>>>>>>>>>>>>>>> fddfdf
>>>>>>>>>>>>>>>>>>>>
>>>>>>>>>>>>>>>>>>>> On 3/25/20, frank j <frankieeeit@gmail.com> wrote:
>>>>>>>>>>>>>>>>>>>>> On 3/25/20, frank j <frankieeeit@gmail.com> wrote:
>>>>>>>>>>>>>>>>>>>>>> On 3/25/20, frank j <frankieeeit@gmail.com> wrote:
>>>>>>>>>>>>>>>>>>>>>>> On 3/25/20, frank j <frankieeeit@gmail.com> wrote:
>>>>>>>>>>>>>>>>>>>>>>>> vai a fanculo!
>>>>>>>>>>>>>>>>>>>>>>>>
>>>>>>>>>>>>>>>>>>>>>>>> On 3/25/20, frank j <frankieeeit@gmail.com> wrote:
>>>>>>>>>>>>>>>>>>>>>>>>> fuckkk
>>>>>>>>>>>>>>>>>>>>>>>>>
>>>>>>>>>>>>>>>>>>>>>>>>> On 3/25/20, frank j <frankieeeit@gmail.com> wrote:
>>>>>>>>>>>>>>>>>>>>>>>>>> On 3/25/20, frank j <frankieeeit@gmail.com>
>>>>>>>>>>>>>>>>>>>>>>>>>> wrote:
>>>>>>>>>>>>>>>>>>>>>>>>>>> On 3/25/20, frank j <frankieeeit@gmail.com>
>>>>>>>>>>>>>>>>>>>>>>>>>>> wrote:
>>>>>>>>>>>>>>>>>>>>>>>>>>>> On 3/25/20, frank j <frankieeeit@gmail.com>
>>>>>>>>>>>>>>>>>>>>>>>>>>>> wrote:
>>>>>>>>>>>>>>>>>>>>>>>>>>>>> On 3/25/20, frank j <frankieeeit@gmail.com>
>>>>>>>>>>>>>>>>>>>>>>>>>>>>> wrote:
>>>>>>>>>>>>>>>>>>>>>>>>>>>>>> On 3/25/20, frank j <frankieeeit@gmail.com>
>>>>>>>>>>>>>>>>>>>>>>>>>>>>>> wrote:
>>>>>>>>>>>>>>>>>>>>>>>>>>>>>>> On 3/25/20, frank j <frankieeeit@gmail.com>
>>>>>>>>>>>>>>>>>>>>>>>>>>>>>>> wrote:
>>>>>>>>>>>>>>>>>>>>>>>>>>>>>>>> ererre
>>>>>>>>>>>>>>>>>>>>>>>>>>>>>>>>
>>>>>>>>>>>>>>>>>>>>>>>>>>>>>>>> On 3/25/20, frank j <frankieeeit@gmail.com>
>>>>>>>>>>>>>>>>>>>>>>>>>>>>>>>> wrote:
>>>>>>>>>>>>>>>>>>>>>>>>>>>>>>>>> On 3/25/20, frank j
>>>>>>>>>>>>>>>>>>>>>>>>>>>>>>>>> <frankieeeit@gmail.com>
>>>>>>>>>>>>>>>>>>>>>>>>>>>>>>>>> wrote:
>>>>>>>>>>>>>>>>>>>>>>>>>>>>>>>>>> On 3/25/20, frank j
>>>>>>>>>>>>>>>>>>>>>>>>>>>>>>>>>> <frankieeeit@gmail.com>
>>>>>>>>>>>>>>>>>>>>>>>>>>>>>>>>>> wrote:
>>>>>>>>>>>>>>>>>>>>>>>>>>>>>>>>>>> On 3/25/20, frank j
>>>>>>>>>>>>>>>>>>>>>>>>>>>>>>>>>>> <frankieeeit@gmail.com>
>>>>>>>>>>>>>>>>>>>>>>>>>>>>>>>>>>> wrote:
>>>>>>>>>>>>>>>>>>>>>>>>>>>>>>>>>>>> what??
>>>>>>>>>>>>>>>>>>>>>>>>>>>>>>>>>>>>
>>>>>>>>>>>>>>>>>>>>>>>>>>>>>>>>>>>>
>>>>>>>>>>>>>>>>>>>>>>>>>>>>>>>>>>>> On 3/25/20, frank j
>>>>>>>>>>>>>>>>>>>>>>>>>>>>>>>>>>>> <frankieeeit@gmail.com>
>>>>>>>>>>>>>>>>>>>>>>>>>>>>>>>>>>>> wrote:
>>>>>>>>>>>>>>>>>>>>>>>>>>>>>>>>>>>>> dfddfdf
>>>>>>>>>>>>>>>>>>>>>>>>>>>>>>>>>>>>>
>>>>>>>>>>>>>>>>>>>>>>>>>>>>>>>>>>>>> On 3/25/20, frank j
>>>>>>>>>>>>>>>>>>>>>>>>>>>>>>>>>>>>> <frankieeeit@gmail.com>
>>>>>>>>>>>>>>>>>>>>>>>>>>>>>>>>>>>>> wrote:
>>>>>>>>>>>>>>>>>>>>>>>>>>>>>>>>>>>>>> try me
>>>>>>>>>>>>>>>>>>>>>>>>>>>>>>>>>>>>>>
>>>>>>>>>>>>>>>>>>>>>>>>>>>>>>>>>>>>>> On 3/25/20, frank j
>>>>>>>>>>>>>>>>>>>>>>>>>>>>>>>>>>>>>> <frankieeeit@gmail.com>
>>>>>>>>>>>>>>>>>>>>>>>>>>>>>>>>>>>>>> wrote:
>>>>>>>>>>>>>>>>>>>>>>>>>>>>>>>>>>>>>>> and
>>>>>>>>>>>>>>>>>>>>>>>>>>>>>>>>>>>>>>>
>>>>>>>>>>>>>>>>>>>>>>>>>>>>>>>>>>>>>>> On 3/25/20, frank j
>>>>>>>>>>>>>>>>>>>>>>>>>>>>>>>>>>>>>>> <frankieeeit@gmail.com>
>>>>>>>>>>>>>>>>>>>>>>>>>>>>>>>>>>>>>>> wrote:
>>>>>>>>>>>>>>>>>>>>>>>>>>>>>>>>>>>>>>>> sss
>>>>>>>>>>>>>>>>>>>>>>>>>>>>>>>>>>>>>>>>
>>>>>>>>>>>>>>>>>>>>>>>>>>>>>>>>>>>>>>>> On 3/25/20, frank j
>>>>>>>>>>>>>>>>>>>>>>>>>>>>>>>>>>>>>>>> <frankieeeit@gmail.com>
>>>>>>>>>>>>>>>>>>>>>>>>>>>>>>>>>>>>>>>> wrote:
>>>>>>>>>>>>>>>>>>>>>>>>>>>>>>>>>>>>>>>>> kkk
>>>>>>>>>>>>>>>>>>>>>>>>>>>>>>>>>>>>>>>>>
>>>>>>>>>>>>>>>>>>>>>>>>>>>>>>>>>>>>>>>>> On 3/25/20, frank j
>>>>>>>>>>>>>>>>>>>>>>>>>>>>>>>>>>>>>>>>> <frankieeeit@gmail.com>
>>>>>>>>>>>>>>>>>>>>>>>>>>>>>>>>>>>>>>>>> wrote:
>>>>>>>>>>>>>>>>>>>>>>>>>>>>>>>>>>>>>>>>>> heyyyy
>>>>>>>>>>>>>>>>>>>>>>>>>>>>>>>>>>>>>>>>>>
>>>>>>>>>>>>>>>>>>>>>>>>>>>>>>>>>>>>>>>>>> On 3/25/20, frank j
>>>>>>>>>>>>>>>>>>>>>>>>>>>>>>>>>>>>>>>>>> <frankieeeit@gmail.com>
>>>>>>>>>>>>>>>>>>>>>>>>>>>>>>>>>>>>>>>>>> wrote:
>>>>>>>>>>>>>>>>>>>>>>>>>>>>>>>>>>>>>>>>>>> so??
>>>>>>>>>>>>>>>>>>>>>>>>>>>>>>>>>>>>>>>>>>>
>>>>>>>>>>>>>>>>>>>>>>>>>>>>>>>>>>>>>>>>>>> On 3/25/20, frank j
>>>>>>>>>>>>>>>>>>>>>>>>>>>>>>>>>>>>>>>>>>> <frankieeeit@gmail.com>
>>>>>>>>>>>>>>>>>>>>>>>>>>>>>>>>>>>>>>>>>>> wrote:
>>>>>>>>>>>>>>>>>>>>>>>>>>>>>>>>>>>>>>>>>>>> On 3/25/20, frank j
>>>>>>>>>>>>>>>>>>>>>>>>>>>>>>>>>>>>>>>>>>>> <frankieeeit@gmail.com>
>>>>>>>>>>>>>>>>>>>>>>>>>>>>>>>>>>>>>>>>>>>> wrote:
>>>>>>>>>>>>>>>>>>>>>>>>>>>>>>>>>>>>>>>>>>>>> hgghgh
>>>>>>>>>>>>>>>>>>>>>>>>>>>>>>>>>>>>>>>>>>>>>
>>>>>>>>>>>>>>>>>>>>>>>>>>>>>>>>>>>>>>>>>>>>> On 3/25/20, frank j
>>>>>>>>>>>>>>>>>>>>>>>>>>>>>>>>>>>>>>>>>>>>> <frankieeeit@gmail.com>
>>>>>>>>>>>>>>>>>>>>>>>>>>>>>>>>>>>>>>>>>>>>> wrote:
>>>>>>>>>>>>>>>>>>>>>>>>>>>>>>>>>>>>>>>>>>>>>> gggg
>>>>>>>>>>>>>>>>>>>>>>>>>>>>>>>>>>>>>>>>>>>>>>
>>>>>>>>>>>>>>>>>>>>>>>>>>>>>>>>>>>>>>>>>>>>>> On 3/25/20, frank j
>>>>>>>>>>>>>>>>>>>>>>>>>>>>>>>>>>>>>>>>>>>>>> <frankieeeit@gmail.com>
>>>>>>>>>>>>>>>>>>>>>>>>>>>>>>>>>>>>>>>>>>>>>> wrote:
>>>>>>>>>>>>>>>>>>>>>>>>>>>>>>>>>>>>>>>>>>>>>>> shyyyy
>>>>>>>>>>>>>>>>>>>>>>>>>>>>>>>>>>>>>>>>>>>>>>>
>>>>>>>>>>>>>>>>>>>>>>>>>>>>>>>>>>>>>>>>>>>>>>> On 3/25/20, frank j
>>>>>>>>>>>>>>>>>>>>>>>>>>>>>>>>>>>>>>>>>>>>>>> <frankieeeit@gmail.com>
>>>>>>>>>>>>>>>>>>>>>>>>>>>>>>>>>>>>>>>>>>>>>>> wrote:
>>>>>>>>>>>>>>>>>>>>>>>>>>>>>>>>>>>>>>>>>>>>>>>> hey
>>>>>>>>>>>>>>>>>>>>>>>>>>>>>>>>>>>>>>>>>>>>>>>>
>>>>>>>>>>>>>>>>>>>>>>>>>>>>>>>>>>>>>>>>>>>>>>>> On 3/25/20, frank j
>>>>>>>>>>>>>>>>>>>>>>>>>>>>>>>>>>>>>>>>>>>>>>>> <frankieeeit@gmail.com>
>>>>>>>>>>>>>>>>>>>>>>>>>>>>>>>>>>>>>>>>>>>>>>>> wrote:
>>>>>>>>>>>>>>>>>>>>>>>>>>>>>>>>>>>>>>>>>>>>>>>>> ok?
>>>>>>>>>>>>>>>>>>>>>>>>>>>>>>>>>>>>>>>>>>>>>>>>>
>>>>>>>>>>>>>>>>>>>>>>>>>>>>>>>>>>>>>>>>>>>>>>>>> On 3/25/20, frank j
>>>>>>>>>>>>>>>>>>>>>>>>>>>>>>>>>>>>>>>>>>>>>>>>> <frankieeeit@gmail.com>
>>>>>>>>>>>>>>>>>>>>>>>>>>>>>>>>>>>>>>>>>>>>>>>>> wrote:
>>>>>>>>>>>>>>>>>>>>>>>>>>>>>>>>>>>>>>>>>>>>>>>>>> heyy
>>>>>>>>>>>>>>>>>>>>>>>>>>>>>>>>>>>>>>>>>>>>>>>>>>
>>>>>>>>>>>>>>>>>>>>>>>>>>>>>>>>>>>>>>>>>>>>>>>>>> On 3/25/20, FranksPress
>>>>>>>>>>>>>>>>>>>>>>>>>>>>>>>>>>>>>>>>>>>>>>>>>> <frank@frankspress.com>
>>>>>>>>>>>>>>>>>>>>>>>>>>>>>>>>>>>>>>>>>>>>>>>>>> wrote:
>>>>>>>>>>>>>>>>>>>>>>>>>>>>>>>>>>>>>>>>>>>>>>>>>>>  #### #### You have got
>>>>>>>>>>>>>>>>>>>>>>>>>>>>>>>>>>>>>>>>>>>>>>>>>>> Mail
>>>>>>>>>>>>>>>>>>>>>>>>>>>>>>>>>>>>>>>>>>>>>>>>>>> on
>>>>>>>>>>>>>>>>>>>>>>>>>>>>>>>>>>>>>>>>>>>>>>>>>>> FranksPress!
>>>>>>>>>>>>>>>>>>>>>>>>>>>>>>>>>>>>>>>>>>>>>>>>>>>
>>>>>>>>>>>>>>>>>>>>>>>>>>>>>>>>>>>>>>>>>>>>>>>>>>>
>>>>>>>>>>>>>>>>>>>>>>>>>>>>>>>>>>>>>>>>>>>>>>>>>>>
>>>>>>>>>>>>>>>>>>>>>>>>>>>>>>>>>>>>>>>>>>>>>>>>>>>  Thank you for your
>>>>>>>>>>>>>>>>>>>>>>>>>>>>>>>>>>>>>>>>>>>>>>>>>>> business!
>>>>>>>>>>>>>>>>>>>>>>>>>>>>>>>>>>>>>>>>>>>>>>>>>>>
>>>>>>>>>>>>>>>>>>>>>>>>>>>>>>>>>>>>>>>>>>>>>>>>>>>  *- Frank*
>>>>>>>>>>>>>>>>>>>>>>>>>>>>>>>>>>>>>>>>>>>>>>>>>>>
>>>>>>>>>>>>>>>>>>>>>>>>>>>>>>>>>>>>>>>>>>>>>>>>>>> ###### [FranksPress.com
>>>>>>>>>>>>>>>>>>>>>>>>>>>>>>>>>>>>>>>>>>>>>>>>>>> -
>>>>>>>>>>>>>>>>>>>>>>>>>>>>>>>>>>>>>>>>>>>>>>>>>>> Web
>>>>>>>>>>>>>>>>>>>>>>>>>>>>>>>>>>>>>>>>>>>>>>>>>>> Development
>>>>>>>>>>>>>>>>>>>>>>>>>>>>>>>>>>>>>>>>>>>>>>>>>>> Services
>>>>>>>>>>>>>>>>>>>>>>>>>>>>>>>>>>>>>>>>>>>>>>>>>>> ](http://url790.frankspress.com/ls/click?upn=3oL7n3mGyw6z-2BvEv2bi64jxBb-2BtK5rXqgBWPOpvOwxg2cRBW6BI6kBRz71SVmFNEhdnY_Iwa1l7K0EUyUPlX3RsBWgnLx6F1ogMao5ByBE9j2-2BRyXNtW11WbpwGUQEU5-2FBc4yFqjnxx2nYQnvkanQtRhIFjaIE68zXnwG5v6nkztcxACZLsjr14DsxgP1NKl1UeB4e0hWYJ-2B1YLFw4zySsSvfuND-2BuyrsCN-2BJkzvManhgdhrm91tumcUDP8KMjP-2BqLpfcDLa3a249jR9L8hJA8J71E99-2BEkXO-2BACm1TOgWiMv3VxEFQ1KYlZ7NIcPlkNJXP88
>>>>>>>>>>>>>>>>>>>>>>>>>>>>>>>>>>>>>>>>>>>>>>>>>>
>>>>>>>>>>>>>>>>>>>>>>>>>>>>>>>>>>>>>>>>>>>>>>>>>
>>>>>>>>>>>>>>>>>>>>>>>>>>>>>>>>>>>>>>>>>>>>>>>>
>>>>>>>>>>>>>>>>>>>>>>>>>>>>>>>>>>>>>>>>>>>>>>>
>>>>>>>>>>>>>>>>>>>>>>>>>>>>>>>>>>>>>>>>>>>>>>
>>>>>>>>>>>>>>>>>>>>>>>>>>>>>>>>>>>>>>>>>>>>>
>>>>>>>>>>>>>>>>>>>>>>>>>>>>>>>>>>>>>>>>>>>>
>>>>>>>>>>>>>>>>>>>>>>>>>>>>>>>>>>>>>>>>>>>
>>>>>>>>>>>>>>>>>>>>>>>>>>>>>>>>>>>>>>>>>>
>>>>>>>>>>>>>>>>>>>>>>>>>>>>>>>>>>>>>>>>>
>>>>>>>>>>>>>>>>>>>>>>>>>>>>>>>>>>>>>>>>
>>>>>>>>>>>>>>>>>>>>>>>>>>>>>>>>>>>>>>>
>>>>>>>>>>>>>>>>>>>>>>>>>>>>>>>>>>>>>>
>>>>>>>>>>>>>>>>>>>>>>>>>>>>>>>>>>>>>
>>>>>>>>>>>>>>>>>>>>>>>>>>>>>>>>>>>>
>>>>>>>>>>>>>>>>>>>>>>>>>>>>>>>>>>>
>>>>>>>>>>>>>>>>>>>>>>>>>>>>>>>>>>
>>>>>>>>>>>>>>>>>>>>>>>>>>>>>>>>>
>>>>>>>>>>>>>>>>>>>>>>>>>>>>>>>>
>>>>>>>>>>>>>>>>>>>>>>>>>>>>>>>
>>>>>>>>>>>>>>>>>>>>>>>>>>>>>>
>>>>>>>>>>>>>>>>>>>>>>>>>>>>>
>>>>>>>>>>>>>>>>>>>>>>>>>>>>
>>>>>>>>>>>>>>>>>>>>>>>>>>>
>>>>>>>>>>>>>>>>>>>>>>>>>>
>>>>>>>>>>>>>>>>>>>>>>>>>
>>>>>>>>>>>>>>>>>>>>>>>>
>>>>>>>>>>>>>>>>>>>>>>>
>>>>>>>>>>>>>>>>>>>>>>
>>>>>>>>>>>>>>>>>>>>>
>>>>>>>>>>>>>>>>>>>>
>>>>>>>>>>>>>>>>>>>
>>>>>>>>>>>>>>>>>>
>>>>>>>>>>>>>>>>>
>>>>>>>>>>>>>>>>
>>>>>>>>>>>>>>>
>>>>>>>>>>>>>>
>>>>>>>>>>>>>
>>>>>>>>>>>>
>>>>>>>>>>>
>>>>>>>>>>
>>>>>>>>>
>>>>>>>>
>>>>>>>
>>>>>>
>>>>>
>>>>
>>>
>>
>

    [sender_ip] => 209.85.217.50
    [envelope] => {"to":["frank@frankspress.com"],"from":"frankieeeit@gmail.com"}
    [charsets] => {"to":"UTF-8","subject":"UTF-8","from":"UTF-8","text":"UTF-8"}
    [SPF] => pass
)
